<?xml version="1.0" encoding="UTF-8"?>
<!-- Generated by org.testng.reporters.JUnitReportReporter -->
<testsuite hostname="DESKTOP-NA2IHPB" failures="0" tests="1" name="testngprogram.VerifyTitle" time="0.054" errors="0" timestamp="2023-07-04T20:38:13 IST" skipped="0">
  <testcase classname="testngprogram.VerifyTitle" name="verifyTheTitle" time="0.054"/>
</testsuite> <!-- testngprogram.VerifyTitle -->
